[debug] [2021-11-03T00:25:24.920Z] ----------------------------------------------------------------------
[debug] [2021-11-03T00:25:24.923Z] Command:       C:\Program Files\nodejs\node.exe C:\Users\Admin\AppData\Roaming\npm\node_modules\firebase-tools\lib\bin\firebase.js open
[debug] [2021-11-03T00:25:24.923Z] CLI Version:   9.21.0
[debug] [2021-11-03T00:25:24.923Z] Platform:      win32
[debug] [2021-11-03T00:25:24.924Z] Node Version:  v14.17.0
[debug] [2021-11-03T00:25:24.925Z] Time:          Tue Nov 02 2021 19:25:24 GMT-0500 (hora estándar de Perú)
[debug] [2021-11-03T00:25:24.925Z] ----------------------------------------------------------------------
[debug] 
[debug] [2021-11-03T00:25:25.013Z] > command requires scopes: ["email","openid","https://www.googleapis.com/auth/cloudplatformprojects.readonly","https://www.googleapis.com/auth/firebase","https://www.googleapis.com/auth/cloud-platform"]
[debug] [2021-11-03T00:25:25.014Z] > authorizing via signed-in user (maferperezcampos99@gmail.com)
[debug] [2021-11-03T00:25:25.014Z] [iam] checking project burger-queen-1c6e9 for permissions ["firebase.projects.get"]
[debug] [2021-11-03T00:25:25.017Z] >>> HTTP REQUEST POST https://cloudresourcemanager.googleapis.com/v1/projects/burger-queen-1c6e9:testIamPermissions  
 {"permissions":["firebase.projects.get"]}
[debug] [2021-11-03T00:25:26.049Z] <<< HTTP RESPONSE 200 {"content-type":"application/json; charset=UTF-8","vary":"X-Origin, Referer, Origin,Accept-Encoding","date":"Wed, 03 Nov 2021 00:25:26 GMT","server":"ESF","cache-control":"private","x-xss-protection":"0","x-frame-options":"SAMEORIGIN","x-content-type-options":"nosniff","server-timing":"gfet4t7; dur=754","alt-svc":"h3=\":443\"; ma=2592000,h3-29=\":443\"; ma=2592000,h3-Q050=\":443\"; ma=2592000,h3-Q046=\":443\"; ma=2592000,h3-Q043=\":443\"; ma=2592000,quic=\":443\"; ma=2592000; v=\"46,43\"","accept-ranges":"none","transfer-encoding":"chunked"}
[debug] [2021-11-03T00:25:26.057Z] > refreshing access token with scopes: []
[debug] [2021-11-03T00:25:26.058Z] >>> HTTP REQUEST POST https://www.googleapis.com/oauth2/v3/token  
 <request body omitted>
[debug] [2021-11-03T00:25:26.742Z] <<< HTTP RESPONSE 200 {"expires":"Mon, 01 Jan 1990 00:00:00 GMT","date":"Wed, 03 Nov 2021 00:25:26 GMT","cache-control":"no-cache, no-store, max-age=0, must-revalidate","pragma":"no-cache","content-type":"application/json; charset=utf-8","vary":"X-Origin, Referer, Origin,Accept-Encoding","server":"scaffolding on HTTPServer2","x-xss-protection":"0","x-frame-options":"SAMEORIGIN","x-content-type-options":"nosniff","alt-svc":"h3=\":443\"; ma=2592000,h3-29=\":443\"; ma=2592000,h3-Q050=\":443\"; ma=2592000,h3-Q046=\":443\"; ma=2592000,h3-Q043=\":443\"; ma=2592000,quic=\":443\"; ma=2592000; v=\"46,43\"","accept-ranges":"none","transfer-encoding":"chunked"}
[debug] [2021-11-03T00:25:26.861Z] >>> [apiv2][query] GET https://firebase.googleapis.com/v1beta1/projects/burger-queen-1c6e9 [none]
[debug] [2021-11-03T00:25:27.367Z] <<< [apiv2][status] GET https://firebase.googleapis.com/v1beta1/projects/burger-queen-1c6e9 200
[debug] [2021-11-03T00:25:27.368Z] <<< [apiv2][body] GET https://firebase.googleapis.com/v1beta1/projects/burger-queen-1c6e9 {"projectId":"burger-queen-1c6e9","projectNumber":"1036922821844","displayName":"Burger-queen","name":"projects/burger-queen-1c6e9","resources":{"hostingSite":"burger-queen-1c6e9","realtimeDatabaseInstance":"burger-queen-1c6e9-default-rtdb","storageBucket":"burger-queen-1c6e9.appspot.com","locationId":"us-central"},"state":"ACTIVE"}
